Rs_?GK??G@`?AMDoAFAM?I@@_CJ_G?
Rs_?GK??G@a?BoAMCwA@oE@@_CJ_G?
Rs_?GK??G@g?BoOMCw@@oE@?WCJ_G?
Rsc?G?@?WB_o@`G@cMAKACA@g?Io?O
Rsc?GKF@o?G?OHODc@@?PGAKWG?oGG
Rsk?GK??G@_F@oBoCCQ?@GF@O?Q_?g
Rsk?GKF?w??A@A?AG@Y?MOBOoC@o?G
Rtk?G???WC?O?b?B_HiH_PW@@o@w??
Rtk?G???WC?P?o?B_@yH_PW@@o@w??
Rtk?G?@?WC?O?`?B_NAGSP@P@o@w??
Rtk?G?@?WC?P?`?@_NAGQP?p@o@w??
Rtk?G?@?gD?S?E?D_@yI?PO@@?Xw??
Rtk?GCB?w??@?B?[G_AGBCB_GMBG@?
Rtk?GG??G@_O?`?P_NAIAOM@AE@w??
Rtk?GG??GC?T?S?S_IYH?OIDAK@w??
Rtk?GKF???_@?B?B_]A?MH?@OOIO_O
Rto?GGF???_B?F?B_]?UAK?@K?J_?O
Rv{?GKE@oB???J?@?BO?I?@O_?y?Ao
Rv{?GKF???_w?E?E_C??`?AK_FA?@o
Rv{?GKF@o??@?B?B_AO?W?GK_?Y?BG
R|s?GKF@?F?A?D?D??w?UA?CO?j??W
